<?xml version="1.0" encoding="UTF-8"?>
<!-- Generated by org.testng.reporters.JUnitXMLReporter -->
<testsuite hostname="P5-GLB5N62" ignored="0" name="Test" tests="1" failures="1" timestamp="18 Apr 2019 10:13:21 GMT" time="0.101" errors="0">
  <testcase name="Googletest" time="0.059" classname="testcases.GoogleTest">
    <failure type="java.lang.Error" message="Unresolved compilation problems: 
	WebDriver cannot be resolved to a type
	The method newFirefoxDriver() is undefined for the type GoogleTest
	Assert cannot be resolved
">
      <![CDATA[java.lang.Error: Unresolved compilation problems: 
WebDriver cannot be resolved to a type
The method newFirefoxDriver() is undefined for the type GoogleTest
Assert cannot be resolved

at testcases.GoogleTest.Googletest(GoogleTest.java:10)
... Removed 25 stack frames]]>
    </failure>
  </testcase> <!-- Googletest -->
</testsuite> <!-- Test -->
